<?xml version="1.0" encoding="UTF-8"?>
<!-- Generated by org.testng.reporters.JUnitReportReporter -->
<testsuite hostname="BDC4-L-8Y4DZM2" failures="0" tests="3" name="tests.NewTest12" time="23.218" errors="0" timestamp="2020-01-22T10:55:32 IST" skipped="0">
  <testcase classname="tests.NewTest12" name="testRegisterLink" time="0.618"/>
  <system-out/>
  <testcase classname="tests.NewTest12" name="testLoginLink" time="0.534"/>
  <system-out/>
  <testcase classname="tests.NewTest12" name="testLoginButton" time="22.066"/>
  <system-out/>
</testsuite> <!-- tests.NewTest12 -->
