<?xml version="1.0" encoding="UTF-8"?>
<!-- Generated by org.testng.reporters.JUnitReportReporter -->
<testsuite hostname="BDC4-L-8Y4DZM2" failures="0" tests="3" name="tests.NewTest7" time="0.000" errors="0" timestamp="2020-01-21T15:32:28 IST" skipped="3">
  <testcase classname="tests.NewTest7" name="testGoogle" time="0.000">
    <skipped/>
  </testcase> <!-- testGoogle -->
  <system-out/>
  <testcase classname="tests.NewTest7" name="testHDFC" time="0.000">
    <skipped/>
  </testcase> <!-- testHDFC -->
  <system-out/>
  <testcase classname="tests.NewTest7" name="testCiti" time="0.000">
    <skipped/>
  </testcase> <!-- testCiti -->
  <system-out/>
</testsuite> <!-- tests.NewTest7 -->
