<?xml version="1.0" encoding="UTF-8"?>
<!-- Generated by org.testng.reporters.JUnitReportReporter -->
<testsuite hostname="BDC4-L-8Y4DZM2" failures="0" tests="1" name="tests.NewTest4" time="0.580" errors="0" timestamp="2020-01-20T17:04:38 IST" skipped="0">
  <testcase classname="tests.NewTest4" name="testDataFromExcel" time="0.580"/>
  <system-out/>
</testsuite> <!-- tests.NewTest4 -->
