<?xml version="1.0" encoding="UTF-8"?>
<!-- Generated by org.testng.reporters.JUnitReportReporter -->
<testsuite hostname="BDC4-L-8Y4DZM2" failures="0" tests="3" name="tests.NewTest5" time="14.005" errors="0" timestamp="2020-01-22T12:45:02 IST" skipped="0">
  <testcase classname="tests.NewTest5" name="testDemoWebShopLogin" time="3.425"/>
  <system-out/>
  <testcase classname="tests.NewTest5" name="testDemoWebShopLogin" time="3.671"/>
  <system-out/>
  <testcase classname="tests.NewTest5" name="testDemoWebShopLogin" time="6.909"/>
  <system-out/>
</testsuite> <!-- tests.NewTest5 -->
