<?xml version="1.0" encoding="UTF-8"?>
<!-- Generated by org.testng.reporters.JUnitReportReporter -->
<testsuite hostname="BDC4-L-8Y4DZM2" failures="0" tests="1" name="tests.NewTest1" time="0.000" errors="0" timestamp="2020-01-21T15:32:28 IST" skipped="1">
  <testcase classname="tests.NewTest1" name="testCardLink" time="0.000">
    <skipped/>
  </testcase> <!-- testCardLink -->
  <system-out/>
</testsuite> <!-- tests.NewTest1 -->
