<?xml version="1.0" encoding="UTF-8"?>
<!-- Generated by org.testng.reporters.JUnitReportReporter -->
<testsuite hostname="BDC4-L-8Y4DZM2" failures="0" tests="2" name="tests.NewTest8" time="0.000" errors="0" timestamp="2020-01-21T15:32:28 IST" skipped="2">
  <testcase classname="tests.NewTest8" name="testMethod1" time="0.000">
    <skipped/>
  </testcase> <!-- testMethod1 -->
  <system-out/>
  <testcase classname="tests.NewTest8" name="testMethod2" time="0.000">
    <skipped/>
  </testcase> <!-- testMethod2 -->
  <system-out/>
</testsuite> <!-- tests.NewTest8 -->
