<?xml version="1.0" encoding="UTF-8"?>
<!-- Generated by org.testng.reporters.JUnitReportReporter -->
<testsuite hostname="BDC4-L-8Y4DZM2" failures="0" tests="2" name="tests.NewTest10" time="0.000" errors="0" timestamp="2020-01-21T15:32:28 IST" skipped="2">
  <testcase classname="tests.NewTest10" name="test6" time="0.000">
    <skipped/>
  </testcase> <!-- test6 -->
  <system-out/>
  <testcase classname="tests.NewTest10" name="test7" time="0.000">
    <skipped/>
  </testcase> <!-- test7 -->
  <system-out/>
</testsuite> <!-- tests.NewTest10 -->
